<?xml version="1.0" encoding="UTF-8"?>
<testsuite xmlns:xsi="http://www.w3.org/2001/XMLSchema-instance" xsi:noNamespaceSchemaLocation="https://maven.apache.org/surefire/maven-surefire-plugin/xsd/surefire-test-report.xsd" version="3.0.2" name="TestAzucarero" time="0.122" tests="3" errors="0" skipped="0" failures="0">
  <properties>
[...]
</properties>
  <testcase name="deberiaDevolverVerdaderoSiHaySuficienteAzucarEnElAzucarero" classname="TestAzucarero" time="0.009"/>
  <testcase name="deberiaRestarAzucarAlAzucarero" classname="TestAzucarero" time="0.0"/>
  <testcase name="deberiaDevolverFalsoPorqueNoHaySuficienteAzucarEnElAzucarero" classname="TestAzucarero" time="0.0"/>
</testsuite>